# JRE version: OpenJDK Runtime Environment Temurin-21.0.7+6 (21.0.7+6) (build 21.0.7+6-LTS)
# Java VM: OpenJDK 64-Bit Server VM Temurin-21.0.7+6 (21.0.7+6-LTS, mixed mode, sharing, tiered, compressed oops, compressed class ptrs, parallel gc, windows-amd64)
GC Precious Log:
 CardTable entry size: 512
 CPUs: 12 total, 12 available
 Memory: 16180M
 Large Page Support: Disabled
 NUMA Support: Disabled
 Compressed Oops: Enabled (32-bit)
 Alignments: Space 512K, Generation 512K, Heap 2M
 Heap Min Capacity: 100M
 Heap Initial Capacity: 100M
 Heap Max Capacity: 1G
 Pre-touch: Disabled
 Parallel Workers: 10
Heap:
 PSYoungGen      total 12800K, used 26K [0x00000000eab00000, 0x00000000ebc80000, 0x0000000100000000)
  eden space 7680K, 0% used [0x00000000eab00000,0x00000000eab06988,0x00000000eb280000)
  from space 5120K, 0% used [0x00000000eb780000,0x00000000eb780000,0x00000000ebc80000)
  to   space 5120K, 0% used [0x00000000eb280000,0x00000000eb280000,0x00000000eb780000)
 ParOldGen       total 173568K, used 144302K [0x00000000c0000000, 0x00000000ca980000, 0x00000000eab00000)
  object space 173568K, 83% used [0x00000000c0000000,0x00000000c8ceb958,0x00000000ca980000)
 Metaspace       used 95228K, committed 96832K, reserved 1179648K
  class space    used 9434K, committed 10176K, reserved 1048576K
GC Heap History (20 events):
Event: 7439.860 GC heap before
{Heap before GC invocations=5262 (full 9):
 PSYoungGen      total 3072K, used 2912K [0x00000000eab00000, 0x00000000eaf00000, 0x0000000100000000)
  eden space 2560K, 100% used [0x00000000eab00000,0x00000000ead80000,0x00000000ead80000)
  from space 512K, 68% used [0x00000000eae80000,0x00000000eaed8000,0x00000000eaf00000)
  to   space 512K, 0% used [0x00000000eae00000,0x00000000eae00000,0x00000000eae80000)
 ParOldGen       total 637952K, used 637455K [0x00000000c0000000, 0x00000000e6f00000, 0x00000000eab00000)
  object space 637952K, 99% used [0x00000000c0000000,0x00000000e6e83d70,0x00000000e6f00000)
 Metaspace       used 95223K, committed 96832K, reserved 1179648K
  class space    used 9434K, committed 10176K, reserved 1048576K
}
Event: 7439.862 GC heap after
{Heap after GC invocations=5262 (full 9):
 PSYoungGen      total 3584K, used 512K [0x00000000eab00000, 0x00000000eb500000, 0x0000000100000000)
  eden space 3072K, 0% used [0x00000000eab00000,0x00000000eab00000,0x00000000eae00000)
  from space 512K, 100% used [0x00000000eae00000,0x00000000eae80000,0x00000000eae80000)
  to   space 3584K, 0% used [0x00000000eb180000,0x00000000eb180000,0x00000000eb500000)
 ParOldGen       total 640000K, used 639685K [0x00000000c0000000, 0x00000000e7100000, 0x00000000eab00000)
  object space 640000K, 99% used [0x00000000c0000000,0x00000000e70b1680,0x00000000e7100000)
 Metaspace       used 95223K, committed 96832K, reserved 1179648K
  class space    used 9434K, committed 10176K, reserved 1048576K
}
Event: 7439.866 GC heap before
{Heap before GC invocations=5263 (full 9):
 PSYoungGen      total 3584K, used 3584K [0x00000000eab00000, 0x00000000eb500000, 0x0000000100000000)
  eden space 3072K, 100% used [0x00000000eab00000,0x00000000eae00000,0x00000000eae00000)
  from space 512K, 100% used [0x00000000eae00000,0x00000000eae80000,0x00000000eae80000)
  to   space 3584K, 0% used [0x00000000eb180000,0x00000000eb180000,0x00000000eb500000)
 ParOldGen       total 640000K, used 639685K [0x00000000c0000000, 0x00000000e7100000, 0x00000000eab00000)
  object space 640000K, 99% used [0x00000000c0000000,0x00000000e70b1680,0x00000000e7100000)
 Metaspace       used 95223K, committed 96832K, reserved 1179648K
  class space    used 9434K, committed 10176K, reserved 1048576K
}
Event: 7439.868 GC heap after
{Heap after GC invocations=5263 (full 9):
 PSYoungGen      total 6656K, used 3168K [0x00000000eab00000, 0x00000000eb600000, 0x0000000100000000)
  eden space 3072K, 0% used [0x00000000eab00000,0x00000000eab00000,0x00000000eae00000)
  from space 3584K, 88% used [0x00000000eb180000,0x00000000eb498000,0x00000000eb500000)
  to   space 3584K, 0% used [0x00000000eae00000,0x00000000eae00000,0x00000000eb180000)
 ParOldGen       total 640512K, used 640245K [0x00000000c0000000, 0x00000000e7180000, 0x00000000eab00000)
  object space 640512K, 99% used [0x00000000c0000000,0x00000000e713d680,0x00000000e7180000)
 Metaspace       used 95223K, committed 96832K, reserved 1179648K
  class space    used 9434K, committed 10176K, reserved 1048576K
}
Event: 7439.878 GC heap before
{Heap before GC invocations=5264 (full 9):
 PSYoungGen      total 6656K, used 6240K [0x00000000eab00000, 0x00000000eb600000, 0x0000000100000000)
  eden space 3072K, 100% used [0x00000000eab00000,0x00000000eae00000,0x00000000eae00000)
  from space 3584K, 88% used [0x00000000eb180000,0x00000000eb498000,0x00000000eb500000)
  to   space 3584K, 0% used [0x00000000eae00000,0x00000000eae00000,0x00000000eb180000)
 ParOldGen       total 640512K, used 640245K [0x00000000c0000000, 0x00000000e7180000, 0x00000000eab00000)
  object space 640512K, 99% used [0x00000000c0000000,0x00000000e713d680,0x00000000e7180000)
 Metaspace       used 95223K, committed 96832K, reserved 1179648K
  class space    used 9434K, committed 10176K, reserved 1048576K
}
Event: 7439.880 GC heap after
{Heap after GC invocations=5264 (full 9):
 PSYoungGen      total 6656K, used 3200K [0x00000000eab00000, 0x00000000eb600000, 0x0000000100000000)
  eden space 3072K, 0% used [0x00000000eab00000,0x00000000eab00000,0x00000000eae00000)
  from space 3584K, 89% used [0x00000000eae00000,0x00000000eb120000,0x00000000eb180000)
  to   space 3584K, 0% used [0x00000000eb280000,0x00000000eb280000,0x00000000eb600000)
 ParOldGen       total 643584K, used 643341K [0x00000000c0000000, 0x00000000e7480000, 0x00000000eab00000)
  object space 643584K, 99% used [0x00000000c0000000,0x00000000e7443680,0x00000000e7480000)
 Metaspace       used 95223K, committed 96832K, reserved 1179648K
  class space    used 9434K, committed 10176K, reserved 1048576K
}
Event: 7439.885 GC heap before
{Heap before GC invocations=5265 (full 9):
 PSYoungGen      total 6656K, used 6272K [0x00000000eab00000, 0x00000000eb600000, 0x0000000100000000)
  eden space 3072K, 100% used [0x00000000eab00000,0x00000000eae00000,0x00000000eae00000)
  from space 3584K, 89% used [0x00000000eae00000,0x00000000eb120000,0x00000000eb180000)
  to   space 3584K, 0% used [0x00000000eb280000,0x00000000eb280000,0x00000000eb600000)
 ParOldGen       total 643584K, used 643341K [0x00000000c0000000, 0x00000000e7480000, 0x00000000eab00000)
  object space 643584K, 99% used [0x00000000c0000000,0x00000000e7443680,0x00000000e7480000)
 Metaspace       used 95223K, committed 96832K, reserved 1179648K
  class space    used 9434K, committed 10176K, reserved 1048576K
}
Event: 7439.888 GC heap after
{Heap after GC invocations=5265 (full 9):
 PSYoungGen      total 7680K, used 3200K [0x00000000eab00000, 0x00000000eb600000, 0x0000000100000000)
  eden space 4096K, 0% used [0x00000000eab00000,0x00000000eab00000,0x00000000eaf00000)
  from space 3584K, 89% used [0x00000000eb280000,0x00000000eb5a0000,0x00000000eb600000)
  to   space 3584K, 0% used [0x00000000eaf00000,0x00000000eaf00000,0x00000000eb280000)
 ParOldGen       total 646656K, used 646445K [0x00000000c0000000, 0x00000000e7780000, 0x00000000eab00000)
  object space 646656K, 99% used [0x00000000c0000000,0x00000000e774b680,0x00000000e7780000)
 Metaspace       used 95223K, committed 96832K, reserved 1179648K
  class space    used 9434K, committed 10176K, reserved 1048576K
}
Event: 7439.903 GC heap before
{Heap before GC invocations=5266 (full 9):
 PSYoungGen      total 7680K, used 6997K [0x00000000eab00000, 0x00000000eb600000, 0x0000000100000000)
  eden space 4096K, 92% used [0x00000000eab00000,0x00000000eaeb55e0,0x00000000eaf00000)
  from space 3584K, 89% used [0x00000000eb280000,0x00000000eb5a0000,0x00000000eb600000)
  to   space 3584K, 0% used [0x00000000eaf00000,0x00000000eaf00000,0x00000000eb280000)
 ParOldGen       total 646656K, used 646445K [0x00000000c0000000, 0x00000000e7780000, 0x00000000eab00000)
  object space 646656K, 99% used [0x00000000c0000000,0x00000000e774b680,0x00000000e7780000)
 Metaspace       used 95223K, committed 96832K, reserved 1179648K
  class space    used 9434K, committed 10176K, reserved 1048576K
}
Event: 7439.906 GC heap after
{Heap after GC invocations=5266 (full 9):
 PSYoungGen      total 7680K, used 3392K [0x00000000eab00000, 0x00000000eb700000, 0x0000000100000000)
  eden space 4096K, 0% used [0x00000000eab00000,0x00000000eab00000,0x00000000eaf00000)
  from space 3584K, 94% used [0x00000000eaf00000,0x00000000eb250000,0x00000000eb280000)
  to   space 3584K, 0% used [0x00000000eb380000,0x00000000eb380000,0x00000000eb700000)
 ParOldGen       total 649728K, used 649549K [0x00000000c0000000, 0x00000000e7a80000, 0x00000000eab00000)
  object space 649728K, 99% used [0x00000000c0000000,0x00000000e7a53680,0x00000000e7a80000)
 Metaspace       used 95223K, committed 96832K, reserved 1179648K
  class space    used 9434K, committed 10176K, reserved 1048576K
}
Event: 7439.940 GC heap before
{Heap before GC invocations=5267 (full 9):
 PSYoungGen      total 7680K, used 7488K [0x00000000eab00000, 0x00000000eb700000, 0x0000000100000000)
  eden space 4096K, 100% used [0x00000000eab00000,0x00000000eaf00000,0x00000000eaf00000)
  from space 3584K, 94% used [0x00000000eaf00000,0x00000000eb250000,0x00000000eb280000)
  to   space 3584K, 0% used [0x00000000eb380000,0x00000000eb380000,0x00000000eb700000)
 ParOldGen       total 649728K, used 649549K [0x00000000c0000000, 0x00000000e7a80000, 0x00000000eab00000)
  object space 649728K, 99% used [0x00000000c0000000,0x00000000e7a53680,0x00000000e7a80000)
 Metaspace       used 95223K, committed 96832K, reserved 1179648K
  class space    used 9434K, committed 10176K, reserved 1048576K
}
Event: 7439.944 GC heap after
{Heap after GC invocations=5267 (full 9):
 PSYoungGen      total 8704K, used 3136K [0x00000000eab00000, 0x00000000eb700000, 0x0000000100000000)
  eden space 5120K, 0% used [0x00000000eab00000,0x00000000eab00000,0x00000000eb000000)
  from space 3584K, 87% used [0x00000000eb380000,0x00000000eb690000,0x00000000eb700000)
  to   space 3584K, 0% used [0x00000000eb000000,0x00000000eb000000,0x00000000eb380000)
 ParOldGen       total 652800K, used 652421K [0x00000000c0000000, 0x00000000e7d80000, 0x00000000eab00000)
  object space 652800K, 99% used [0x00000000c0000000,0x00000000e7d21680,0x00000000e7d80000)
 Metaspace       used 95223K, committed 96832K, reserved 1179648K
  class space    used 9434K, committed 10176K, reserved 1048576K
}
Event: 7439.966 GC heap before
{Heap before GC invocations=5268 (full 9):
 PSYoungGen      total 8704K, used 8256K [0x00000000eab00000, 0x00000000eb700000, 0x0000000100000000)
  eden space 5120K, 100% used [0x00000000eab00000,0x00000000eb000000,0x00000000eb000000)
  from space 3584K, 87% used [0x00000000eb380000,0x00000000eb690000,0x00000000eb700000)
  to   space 3584K, 0% used [0x00000000eb000000,0x00000000eb000000,0x00000000eb380000)
 ParOldGen       total 652800K, used 652421K [0x00000000c0000000, 0x00000000e7d80000, 0x00000000eab00000)
  object space 652800K, 99% used [0x00000000c0000000,0x00000000e7d21680,0x00000000e7d80000)
 Metaspace       used 95224K, committed 96832K, reserved 1179648K
  class space    used 9434K, committed 10176K, reserved 1048576K
}
Event: 7439.969 GC heap after
{Heap after GC invocations=5268 (full 9):
 PSYoungGen      total 8704K, used 3563K [0x00000000eab00000, 0x00000000ebf00000, 0x0000000100000000)
  eden space 5120K, 0% used [0x00000000eab00000,0x00000000eab00000,0x00000000eb000000)
  from space 3584K, 99% used [0x00000000eb000000,0x00000000eb37ad18,0x00000000eb380000)
  to   space 7680K, 0% used [0x00000000eb780000,0x00000000eb780000,0x00000000ebf00000)
 ParOldGen       total 655872K, used 655501K [0x00000000c0000000, 0x00000000e8080000, 0x00000000eab00000)
  object space 655872K, 99% used [0x00000000c0000000,0x00000000e8023680,0x00000000e8080000)
 Metaspace       used 95224K, committed 96832K, reserved 1179648K
  class space    used 9434K, committed 10176K, reserved 1048576K
}
Event: 7439.976 GC heap before
{Heap before GC invocations=5269 (full 9):
 PSYoungGen      total 8704K, used 8672K [0x00000000eab00000, 0x00000000ebf00000, 0x0000000100000000)
  eden space 5120K, 99% used [0x00000000eab00000,0x00000000eaffd6d0,0x00000000eb000000)
  from space 3584K, 99% used [0x00000000eb000000,0x00000000eb37ad18,0x00000000eb380000)
  to   space 7680K, 0% used [0x00000000eb780000,0x00000000eb780000,0x00000000ebf00000)
 ParOldGen       total 655872K, used 655501K [0x00000000c0000000, 0x00000000e8080000, 0x00000000eab00000)
  object space 655872K, 99% used [0x00000000c0000000,0x00000000e8023680,0x00000000e8080000)
 Metaspace       used 95224K, committed 96832K, reserved 1179648K
  class space    used 9434K, committed 10176K, reserved 1048576K
}
Event: 7439.982 GC heap after
{Heap after GC invocations=5269 (full 9):
 PSYoungGen      total 11776K, used 5226K [0x00000000eab00000, 0x00000000ebd00000, 0x0000000100000000)
  eden space 6144K, 0% used [0x00000000eab00000,0x00000000eab00000,0x00000000eb100000)
  from space 5632K, 92% used [0x00000000eb780000,0x00000000ebc9aa68,0x00000000ebd00000)
  to   space 6144K, 0% used [0x00000000eb100000,0x00000000eb100000,0x00000000eb700000)
 ParOldGen       total 659456K, used 659067K [0x00000000c0000000, 0x00000000e8400000, 0x00000000eab00000)
  object space 659456K, 99% used [0x00000000c0000000,0x00000000e839efe8,0x00000000e8400000)
 Metaspace       used 95224K, committed 96832K, reserved 1179648K
  class space    used 9434K, committed 10176K, reserved 1048576K
}
Event: 7439.994 GC heap before
{Heap before GC invocations=5270 (full 9):
 PSYoungGen      total 11776K, used 11225K [0x00000000eab00000, 0x00000000ebd00000, 0x0000000100000000)
  eden space 6144K, 97% used [0x00000000eab00000,0x00000000eb0db9e0,0x00000000eb100000)
  from space 5632K, 92% used [0x00000000eb780000,0x00000000ebc9aa68,0x00000000ebd00000)
  to   space 6144K, 0% used [0x00000000eb100000,0x00000000eb100000,0x00000000eb700000)
 ParOldGen       total 659456K, used 659067K [0x00000000c0000000, 0x00000000e8400000, 0x00000000eab00000)
  object space 659456K, 99% used [0x00000000c0000000,0x00000000e839efe8,0x00000000e8400000)
 Metaspace       used 95224K, committed 96832K, reserved 1179648K
  class space    used 9434K, committed 10176K, reserved 1048576K
}
Event: 7439.997 GC heap after
{Heap after GC invocations=5270 (full 9):
 PSYoungGen      total 12288K, used 4641K [0x00000000eab00000, 0x00000000ebc80000, 0x0000000100000000)
  eden space 6144K, 0% used [0x00000000eab00000,0x00000000eab00000,0x00000000eb100000)
  from space 6144K, 75% used [0x00000000eb100000,0x00000000eb588588,0x00000000eb700000)
  to   space 5120K, 0% used [0x00000000eb780000,0x00000000eb780000,0x00000000ebc80000)
 ParOldGen       total 664576K, used 664173K [0x00000000c0000000, 0x00000000e8900000, 0x00000000eab00000)
  object space 664576K, 99% used [0x00000000c0000000,0x00000000e889b5a8,0x00000000e8900000)
 Metaspace       used 95224K, committed 96832K, reserved 1179648K
  class space    used 9434K, committed 10176K, reserved 1048576K
}
Event: 7440.143 GC heap before
{Heap before GC invocations=5271 (full 10):
 PSYoungGen      total 12288K, used 10785K [0x00000000eab00000, 0x00000000ebc80000, 0x0000000100000000)
  eden space 6144K, 99% used [0x00000000eab00000,0x00000000eb0fffe0,0x00000000eb100000)
  from space 6144K, 75% used [0x00000000eb100000,0x00000000eb588588,0x00000000eb700000)
  to   space 5120K, 0% used [0x00000000eb780000,0x00000000eb780000,0x00000000ebc80000)
 ParOldGen       total 696320K, used 694893K [0x00000000c0000000, 0x00000000ea800000, 0x00000000eab00000)
  object space 696320K, 99% used [0x00000000c0000000,0x00000000ea69b5d8,0x00000000ea800000)
 Metaspace       used 95229K, committed 96832K, reserved 1179648K
  class space    used 9434K, committed 10176K, reserved 1048576K
}
Event: 7440.330 GC heap after
{Heap after GC invocations=5271 (full 10):
 PSYoungGen      total 12800K, used 0K [0x00000000eab00000, 0x00000000ebc80000, 0x0000000100000000)
  eden space 7680K, 0% used [0x00000000eab00000,0x00000000eab00000,0x00000000eb280000)
  from space 5120K, 0% used [0x00000000eb780000,0x00000000eb780000,0x00000000ebc80000)
  to   space 5120K, 0% used [0x00000000eb280000,0x00000000eb280000,0x00000000eb780000)
 ParOldGen       total 173568K, used 144302K [0x00000000c0000000, 0x00000000ca980000, 0x00000000eab00000)
  object space 173568K, 83% used [0x00000000c0000000,0x00000000c8ceb958,0x00000000ca980000)
 Metaspace       used 95228K, committed 96832K, reserved 1179648K
  class space    used 9434K, committed 10176K, reserved 1048576K
}

